This is pdfTeX, Version 3.1415926-2.4-1.40.13 (TeX Live 2012/W32TeX) (format=pdflatex 2013.2.6)  9 APR 2013 23:15
entering extended mode
 restricted \write18 enabled.
 %&-line parsing enabled.
**MidTermV2.tex
(./MidTermV2.tex
LaTeX2e <2011/06/27>
Babel <v3.8m> and hyphenation patterns for english, dumylang, nohyphenation, ge
rman-x-2012-05-30, ngerman-x-2012-05-30, afrikaans, ancientgreek, ibycus, arabi
c, armenian, basque, bulgarian, catalan, pinyin, coptic, croatian, czech, danis
h, dutch, ukenglish, usenglishmax, esperanto, estonian, ethiopic, farsi, finnis
h, french, friulan, galician, german, ngerman, swissgerman, monogreek, greek, h
ungarian, icelandic, assamese, bengali, gujarati, hindi, kannada, malayalam, ma
rathi, oriya, panjabi, tamil, telugu, indonesian, interlingua, irish, italian, 
kurmanji, latin, latvian, lithuanian, mongolian, mongolianlmc, bokmal, nynorsk,
 polish, portuguese, romanian, romansh, russian, sanskrit, serbian, serbianc, s
lovak, slovenian, spanish, swedish, turkish, turkmen, ukrainian, uppersorbian, 
welsh, loaded.
(c:/texlive/2012/texmf-dist/tex/latex/koma-script/scrartcl.cls
Document Class: scrartcl 2012/07/29 v3.11b KOMA-Script document class (article)

(c:/texlive/2012/texmf-dist/tex/latex/koma-script/scrkbase.sty
Package: scrkbase 2012/07/29 v3.11b KOMA-Script package (KOMA-Script-dependent 
basics and keyval usage)

(c:/texlive/2012/texmf-dist/tex/latex/koma-script/scrbase.sty
Package: scrbase 2012/07/29 v3.11b KOMA-Script package (KOMA-Script-independent
 basics and keyval usage)

(c:/texlive/2012/texmf-dist/tex/latex/graphics/keyval.sty
Package: keyval 1999/03/16 v1.13 key=value parser (DPC)
\KV@toks@=\toks14
)
(c:/texlive/2012/texmf-dist/tex/latex/koma-script/scrlfile.sty
Package: scrlfile 2012/06/15 v3.12 KOMA-Script package (loading files)

Package scrlfile, 2012/06/15 v3.12 KOMA-Script package (loading files)
                  Copyright (C) Markus Kohm

))) (c:/texlive/2012/texmf-dist/tex/latex/koma-script/tocbasic.sty
Package: tocbasic 2012/04/04 v3.10b KOMA-Script package (handling toc-files)
)
Package tocbasic Info: omitting babel extension for `toc'
(tocbasic)             because of feature `nobabel' available
(tocbasic)             for `toc' on input line 115.
Package tocbasic Info: omitting babel extension for `lof'
(tocbasic)             because of feature `nobabel' available
(tocbasic)             for `lof' on input line 116.
Package tocbasic Info: omitting babel extension for `lot'
(tocbasic)             because of feature `nobabel' available
(tocbasic)             for `lot' on input line 117.
Class scrartcl Info: File `scrsize10pt.clo' used to setup font sizes on input l
ine 1267.

(c:/texlive/2012/texmf-dist/tex/latex/koma-script/scrsize10pt.clo
File: scrsize10pt.clo 2012/07/29 v3.11b KOMA-Script font size class option (10p
t)
)
(c:/texlive/2012/texmf-dist/tex/latex/koma-script/typearea.sty
Package: typearea 2012/07/29 v3.11b KOMA-Script package (type area)

Package typearea, 2012/07/29 v3.11b KOMA-Script package (type area)
                  Copyright (C) Frank Neukam, 1992-1994
                  Copyright (C) Markus Kohm, 1994-

\ta@bcor=\skip41
\ta@div=\count79
\ta@hblk=\skip42
\ta@vblk=\skip43
\ta@temp=\skip44
Package typearea Info: These are the values describing the layout:
(typearea)             DIV  = 8
(typearea)             BCOR = 0.0pt
(typearea)             \paperwidth      = 614.295pt
(typearea)              \textwidth      = 383.9344pt
(typearea)              DIV departure   = -7%
(typearea)              \evensidemargin = 42.91031pt
(typearea)              \oddsidemargin  = 42.91031pt
(typearea)             \paperheight     = 794.96999pt
(typearea)              \textheight     = 502.0pt
(typearea)              \topmargin      = -5.89874pt
(typearea)              \headheight     = 15.0pt
(typearea)              \headsep        = 18.0pt
(typearea)              \topskip        = 10.0pt
(typearea)              \footskip       = 42.0pt
(typearea)              \baselineskip   = 12.0pt
(typearea)              on input line 1213.
)
\c@part=\count80
\c@section=\count81
\c@subsection=\count82
\c@subsubsection=\count83
\c@paragraph=\count84
\c@subparagraph=\count85
\abovecaptionskip=\skip45
\belowcaptionskip=\skip46
\c@pti@nb@sid@b@x=\box26
\c@figure=\count86
\c@table=\count87
\bibindent=\dimen102
) (c:/texlive/2012/texmf-dist/tex/generic/babel/babel.sty
Package: babel 2008/07/08 v3.8m The Babel package

(c:/texlive/2012/texmf-dist/tex/generic/babel/english.ldf
Language: english 2005/03/30 v3.3o English support from the babel system

(c:/texlive/2012/texmf-dist/tex/generic/babel/babel.def
File: babel.def 2008/07/08 v3.8m Babel common definitions
\babel@savecnt=\count88
\U@D=\dimen103
)
\l@canadian = a dialect from \language\l@american 
\l@australian = a dialect from \language\l@british 
\l@newzealand = a dialect from \language\l@british 
))
(c:/texlive/2012/texmf-dist/tex/latex/geometry/geometry.sty
Package: geometry 2010/09/12 v5.6 Page Geometry

(c:/texlive/2012/texmf-dist/tex/generic/oberdiek/ifpdf.sty
Package: ifpdf 2011/01/30 v2.3 Provides the ifpdf switch (HO)
Package ifpdf Info: pdfTeX in PDF mode is detected.
)
(c:/texlive/2012/texmf-dist/tex/generic/oberdiek/ifvtex.sty
Package: ifvtex 2010/03/01 v1.5 Detect VTeX and its facilities (HO)
Package ifvtex Info: VTeX not detected.
)
(c:/texlive/2012/texmf-dist/tex/generic/ifxetex/ifxetex.sty
Package: ifxetex 2010/09/12 v0.6 Provides ifxetex conditional
)
\Gm@cnth=\count89
\Gm@cntv=\count90
\c@Gm@tempcnt=\count91
\Gm@bindingoffset=\dimen104
\Gm@wd@mp=\dimen105
\Gm@odd@mp=\dimen106
\Gm@even@mp=\dimen107
\Gm@layoutwidth=\dimen108
\Gm@layoutheight=\dimen109
\Gm@layouthoffset=\dimen110
\Gm@layoutvoffset=\dimen111
\Gm@dimlist=\toks15
)
(c:/texlive/2012/texmf-dist/tex/latex/pgf/frontendlayer/tikz.sty
(c:/texlive/2012/texmf-dist/tex/latex/pgf/basiclayer/pgf.sty
(c:/texlive/2012/texmf-dist/tex/latex/pgf/utilities/pgfrcs.sty
(c:/texlive/2012/texmf-dist/tex/generic/pgf/utilities/pgfutil-common.tex
\pgfutil@everybye=\toks16
)
(c:/texlive/2012/texmf-dist/tex/generic/pgf/utilities/pgfutil-latex.def
\pgfutil@abb=\box27

(c:/texlive/2012/texmf-dist/tex/latex/ms/everyshi.sty
Package: everyshi 2001/05/15 v3.00 EveryShipout Package (MS)
))
(c:/texlive/2012/texmf-dist/tex/generic/pgf/utilities/pgfrcs.code.tex
Package: pgfrcs 2010/10/25 v2.10 (rcs-revision 1.24)
))
Package: pgf 2008/01/15 v2.10 (rcs-revision 1.12)

(c:/texlive/2012/texmf-dist/tex/latex/pgf/basiclayer/pgfcore.sty
(c:/texlive/2012/texmf-dist/tex/latex/graphics/graphicx.sty
Package: graphicx 1999/02/16 v1.0f Enhanced LaTeX Graphics (DPC,SPQR)

(c:/texlive/2012/texmf-dist/tex/latex/graphics/graphics.sty
Package: graphics 2009/02/05 v1.0o Standard LaTeX Graphics (DPC,SPQR)

(c:/texlive/2012/texmf-dist/tex/latex/graphics/trig.sty
Package: trig 1999/03/16 v1.09 sin cos tan (DPC)
)
(c:/texlive/2012/texmf-dist/tex/latex/latexconfig/graphics.cfg
File: graphics.cfg 2010/04/23 v1.9 graphics configuration of TeX Live
)
Package graphics Info: Driver file: pdftex.def on input line 91.

(c:/texlive/2012/texmf-dist/tex/latex/pdftex-def/pdftex.def
File: pdftex.def 2011/05/27 v0.06d Graphics/color for pdfTeX

(c:/texlive/2012/texmf-dist/tex/generic/oberdiek/infwarerr.sty
Package: infwarerr 2010/04/08 v1.3 Providing info/warning/error messages (HO)
)
(c:/texlive/2012/texmf-dist/tex/generic/oberdiek/ltxcmds.sty
Package: ltxcmds 2011/11/09 v1.22 LaTeX kernel commands for general use (HO)
)
\Gread@gobject=\count92
))
\Gin@req@height=\dimen112
\Gin@req@width=\dimen113
)
(c:/texlive/2012/texmf-dist/tex/latex/pgf/systemlayer/pgfsys.sty
(c:/texlive/2012/texmf-dist/tex/generic/pgf/systemlayer/pgfsys.code.tex
Package: pgfsys 2010/06/30 v2.10 (rcs-revision 1.37)

(c:/texlive/2012/texmf-dist/tex/generic/pgf/utilities/pgfkeys.code.tex
\pgfkeys@pathtoks=\toks17
\pgfkeys@temptoks=\toks18

(c:/texlive/2012/texmf-dist/tex/generic/pgf/utilities/pgfkeysfiltered.code.tex
\pgfkeys@tmptoks=\toks19
))
\pgf@x=\dimen114
\pgf@y=\dimen115
\pgf@xa=\dimen116
\pgf@ya=\dimen117
\pgf@xb=\dimen118
\pgf@yb=\dimen119
\pgf@xc=\dimen120
\pgf@yc=\dimen121
\w@pgf@writea=\write3
\r@pgf@reada=\read1
\c@pgf@counta=\count93
\c@pgf@countb=\count94
\c@pgf@countc=\count95
\c@pgf@countd=\count96
 (c:/texlive/2012/texmf-dist/tex/generic/pgf/systemlayer/pgf.cfg
File: pgf.cfg 2008/05/14  (rcs-revision 1.7)
)
Package pgfsys Info: Driver file for pgf: pgfsys-pdftex.def on input line 900.

(c:/texlive/2012/texmf-dist/tex/generic/pgf/systemlayer/pgfsys-pdftex.def
File: pgfsys-pdftex.def 2009/05/22  (rcs-revision 1.26)

(c:/texlive/2012/texmf-dist/tex/generic/pgf/systemlayer/pgfsys-common-pdf.def
File: pgfsys-common-pdf.def 2008/05/19  (rcs-revision 1.10)
)))
(c:/texlive/2012/texmf-dist/tex/generic/pgf/systemlayer/pgfsyssoftpath.code.tex
File: pgfsyssoftpath.code.tex 2008/07/18  (rcs-revision 1.7)
\pgfsyssoftpath@smallbuffer@items=\count97
\pgfsyssoftpath@bigbuffer@items=\count98
)
(c:/texlive/2012/texmf-dist/tex/generic/pgf/systemlayer/pgfsysprotocol.code.tex
File: pgfsysprotocol.code.tex 2006/10/16  (rcs-revision 1.4)
)) (c:/texlive/2012/texmf-dist/tex/latex/xcolor/xcolor.sty
Package: xcolor 2007/01/21 v2.11 LaTeX color extensions (UK)

(c:/texlive/2012/texmf-dist/tex/latex/latexconfig/color.cfg
File: color.cfg 2007/01/18 v1.5 color configuration of teTeX/TeXLive
)
Package xcolor Info: Driver file: pdftex.def on input line 225.
Package xcolor Info: Model `cmy' substituted by `cmy0' on input line 1337.
Package xcolor Info: Model `hsb' substituted by `rgb' on input line 1341.
Package xcolor Info: Model `RGB' extended on input line 1353.
Package xcolor Info: Model `HTML' substituted by `rgb' on input line 1355.
Package xcolor Info: Model `Hsb' substituted by `hsb' on input line 1356.
Package xcolor Info: Model `tHsb' substituted by `hsb' on input line 1357.
Package xcolor Info: Model `HSB' substituted by `hsb' on input line 1358.
Package xcolor Info: Model `Gray' substituted by `gray' on input line 1359.
Package xcolor Info: Model `wave' substituted by `hsb' on input line 1360.
)
(c:/texlive/2012/texmf-dist/tex/generic/pgf/basiclayer/pgfcore.code.tex
Package: pgfcore 2010/04/11 v2.10 (rcs-revision 1.7)

(c:/texlive/2012/texmf-dist/tex/generic/pgf/math/pgfmath.code.tex
(c:/texlive/2012/texmf-dist/tex/generic/pgf/math/pgfmathcalc.code.tex
(c:/texlive/2012/texmf-dist/tex/generic/pgf/math/pgfmathutil.code.tex)
(c:/texlive/2012/texmf-dist/tex/generic/pgf/math/pgfmathparser.code.tex
\pgfmath@dimen=\dimen122
\pgfmath@count=\count99
\pgfmath@box=\box28
\pgfmath@toks=\toks20
\pgfmath@stack@operand=\toks21
\pgfmath@stack@operation=\toks22
)
(c:/texlive/2012/texmf-dist/tex/generic/pgf/math/pgfmathfunctions.code.tex
(c:/texlive/2012/texmf-dist/tex/generic/pgf/math/pgfmathfunctions.basic.code.te
x)
(c:/texlive/2012/texmf-dist/tex/generic/pgf/math/pgfmathfunctions.trigonometric
.code.tex)
(c:/texlive/2012/texmf-dist/tex/generic/pgf/math/pgfmathfunctions.random.code.t
ex)
(c:/texlive/2012/texmf-dist/tex/generic/pgf/math/pgfmathfunctions.comparison.co
de.tex)
(c:/texlive/2012/texmf-dist/tex/generic/pgf/math/pgfmathfunctions.base.code.tex
)
(c:/texlive/2012/texmf-dist/tex/generic/pgf/math/pgfmathfunctions.round.code.te
x)
(c:/texlive/2012/texmf-dist/tex/generic/pgf/math/pgfmathfunctions.misc.code.tex
))) (c:/texlive/2012/texmf-dist/tex/generic/pgf/math/pgfmathfloat.code.tex
\c@pgfmathroundto@lastzeros=\count100
))
(c:/texlive/2012/texmf-dist/tex/generic/pgf/basiclayer/pgfcorepoints.code.tex
File: pgfcorepoints.code.tex 2010/04/09  (rcs-revision 1.20)
\pgf@picminx=\dimen123
\pgf@picmaxx=\dimen124
\pgf@picminy=\dimen125
\pgf@picmaxy=\dimen126
\pgf@pathminx=\dimen127
\pgf@pathmaxx=\dimen128
\pgf@pathminy=\dimen129
\pgf@pathmaxy=\dimen130
\pgf@xx=\dimen131
\pgf@xy=\dimen132
\pgf@yx=\dimen133
\pgf@yy=\dimen134
\pgf@zx=\dimen135
\pgf@zy=\dimen136
)
(c:/texlive/2012/texmf-dist/tex/generic/pgf/basiclayer/pgfcorepathconstruct.cod
e.tex
File: pgfcorepathconstruct.code.tex 2010/08/03  (rcs-revision 1.24)
\pgf@path@lastx=\dimen137
\pgf@path@lasty=\dimen138
)
(c:/texlive/2012/texmf-dist/tex/generic/pgf/basiclayer/pgfcorepathusage.code.te
x
File: pgfcorepathusage.code.tex 2008/04/22  (rcs-revision 1.12)
\pgf@shorten@end@additional=\dimen139
\pgf@shorten@start@additional=\dimen140
)
(c:/texlive/2012/texmf-dist/tex/generic/pgf/basiclayer/pgfcorescopes.code.tex
File: pgfcorescopes.code.tex 2010/09/08  (rcs-revision 1.34)
\pgfpic=\box29
\pgf@hbox=\box30
\pgf@layerbox@main=\box31
\pgf@picture@serial@count=\count101
)
(c:/texlive/2012/texmf-dist/tex/generic/pgf/basiclayer/pgfcoregraphicstate.code
.tex
File: pgfcoregraphicstate.code.tex 2008/04/22  (rcs-revision 1.9)
\pgflinewidth=\dimen141
)
(c:/texlive/2012/texmf-dist/tex/generic/pgf/basiclayer/pgfcoretransformations.c
ode.tex
File: pgfcoretransformations.code.tex 2009/06/10  (rcs-revision 1.11)
\pgf@pt@x=\dimen142
\pgf@pt@y=\dimen143
\pgf@pt@temp=\dimen144
)
(c:/texlive/2012/texmf-dist/tex/generic/pgf/basiclayer/pgfcorequick.code.tex
File: pgfcorequick.code.tex 2008/10/09  (rcs-revision 1.3)
)
(c:/texlive/2012/texmf-dist/tex/generic/pgf/basiclayer/pgfcoreobjects.code.tex
File: pgfcoreobjects.code.tex 2006/10/11  (rcs-revision 1.2)
)
(c:/texlive/2012/texmf-dist/tex/generic/pgf/basiclayer/pgfcorepathprocessing.co
de.tex
File: pgfcorepathprocessing.code.tex 2008/10/09  (rcs-revision 1.8)
)
(c:/texlive/2012/texmf-dist/tex/generic/pgf/basiclayer/pgfcorearrows.code.tex
File: pgfcorearrows.code.tex 2008/04/23  (rcs-revision 1.11)
)
(c:/texlive/2012/texmf-dist/tex/generic/pgf/basiclayer/pgfcoreshade.code.tex
File: pgfcoreshade.code.tex 2008/11/23  (rcs-revision 1.13)
\pgf@max=\dimen145
\pgf@sys@shading@range@num=\count102
)
(c:/texlive/2012/texmf-dist/tex/generic/pgf/basiclayer/pgfcoreimage.code.tex
File: pgfcoreimage.code.tex 2010/03/25  (rcs-revision 1.16)

(c:/texlive/2012/texmf-dist/tex/generic/pgf/basiclayer/pgfcoreexternal.code.tex
File: pgfcoreexternal.code.tex 2010/09/01  (rcs-revision 1.17)
\pgfexternal@startupbox=\box32
))
(c:/texlive/2012/texmf-dist/tex/generic/pgf/basiclayer/pgfcorelayers.code.tex
File: pgfcorelayers.code.tex 2010/08/27  (rcs-revision 1.2)
)
(c:/texlive/2012/texmf-dist/tex/generic/pgf/basiclayer/pgfcoretransparency.code
.tex
File: pgfcoretransparency.code.tex 2008/01/17  (rcs-revision 1.2)
)
(c:/texlive/2012/texmf-dist/tex/generic/pgf/basiclayer/pgfcorepatterns.code.tex
File: pgfcorepatterns.code.tex 2009/07/02  (rcs-revision 1.3)
)))
(c:/texlive/2012/texmf-dist/tex/generic/pgf/modules/pgfmoduleshapes.code.tex
File: pgfmoduleshapes.code.tex 2010/09/09  (rcs-revision 1.13)
\pgfnodeparttextbox=\box33
)
(c:/texlive/2012/texmf-dist/tex/generic/pgf/modules/pgfmoduleplot.code.tex
File: pgfmoduleplot.code.tex 2010/10/22  (rcs-revision 1.8)
)
(c:/texlive/2012/texmf-dist/tex/latex/pgf/compatibility/pgfcomp-version-0-65.st
y
Package: pgfcomp-version-0-65 2007/07/03 v2.10 (rcs-revision 1.7)
\pgf@nodesepstart=\dimen146
\pgf@nodesepend=\dimen147
)
(c:/texlive/2012/texmf-dist/tex/latex/pgf/compatibility/pgfcomp-version-1-18.st
y
Package: pgfcomp-version-1-18 2007/07/23 v2.10 (rcs-revision 1.1)
)) (c:/texlive/2012/texmf-dist/tex/latex/pgf/utilities/pgffor.sty
(c:/texlive/2012/texmf-dist/tex/latex/pgf/utilities/pgfkeys.sty
(c:/texlive/2012/texmf-dist/tex/generic/pgf/utilities/pgfkeys.code.tex))
(c:/texlive/2012/texmf-dist/tex/generic/pgf/utilities/pgffor.code.tex
Package: pgffor 2010/03/23 v2.10 (rcs-revision 1.18)
\pgffor@iter=\dimen148
\pgffor@skip=\dimen149
\pgffor@stack=\toks23
\pgffor@toks=\toks24
))
(c:/texlive/2012/texmf-dist/tex/generic/pgf/frontendlayer/tikz/tikz.code.tex
Package: tikz 2010/10/13 v2.10 (rcs-revision 1.76)

(c:/texlive/2012/texmf-dist/tex/generic/pgf/libraries/pgflibraryplothandlers.co
de.tex
File: pgflibraryplothandlers.code.tex 2010/05/31 v2.10 (rcs-revision 1.15)
\pgf@plot@mark@count=\count103
\pgfplotmarksize=\dimen150
)
\tikz@lastx=\dimen151
\tikz@lasty=\dimen152
\tikz@lastxsaved=\dimen153
\tikz@lastysaved=\dimen154
\tikzleveldistance=\dimen155
\tikzsiblingdistance=\dimen156
\tikz@figbox=\box34
\tikz@tempbox=\box35
\tikztreelevel=\count104
\tikznumberofchildren=\count105
\tikznumberofcurrentchild=\count106
\tikz@fig@count=\count107

(c:/texlive/2012/texmf-dist/tex/generic/pgf/modules/pgfmodulematrix.code.tex
File: pgfmodulematrix.code.tex 2010/08/24  (rcs-revision 1.4)
\pgfmatrixcurrentrow=\count108
\pgfmatrixcurrentcolumn=\count109
\pgf@matrix@numberofcolumns=\count110
)
\tikz@expandcount=\count111

(c:/texlive/2012/texmf-dist/tex/generic/pgf/frontendlayer/tikz/libraries/tikzli
brarytopaths.code.tex
File: tikzlibrarytopaths.code.tex 2008/06/17 v2.10 (rcs-revision 1.2)
)))
(c:/texlive/2012/texmf-dist/tex/generic/pgf/frontendlayer/tikz/libraries/tikzli
braryshapes.code.tex
File: tikzlibraryshapes.code.tex 2008/01/09 v2.10 (rcs-revision 1.1)

(c:/texlive/2012/texmf-dist/tex/generic/pgf/frontendlayer/tikz/libraries/tikzli
braryshapes.geometric.code.tex
File: tikzlibraryshapes.geometric.code.tex 2008/01/09 v2.10 (rcs-revision 1.1)

(c:/texlive/2012/texmf-dist/tex/generic/pgf/libraries/shapes/pgflibraryshapes.g
eometric.code.tex
File: pgflibraryshapes.geometric.code.tex 2008/06/26 v2.10 (rcs-revision 1.1)
))
(c:/texlive/2012/texmf-dist/tex/generic/pgf/frontendlayer/tikz/libraries/tikzli
braryshapes.misc.code.tex
File: tikzlibraryshapes.misc.code.tex 2008/01/09 v2.10 (rcs-revision 1.1)

(c:/texlive/2012/texmf-dist/tex/generic/pgf/libraries/shapes/pgflibraryshapes.m
isc.code.tex
File: pgflibraryshapes.misc.code.tex 2008/10/07 v2.10 (rcs-revision 1.3)
))
(c:/texlive/2012/texmf-dist/tex/generic/pgf/frontendlayer/tikz/libraries/tikzli
braryshapes.symbols.code.tex
File: tikzlibraryshapes.symbols.code.tex 2008/01/09 v2.10 (rcs-revision 1.1)

(c:/texlive/2012/texmf-dist/tex/generic/pgf/libraries/shapes/pgflibraryshapes.s
ymbols.code.tex
File: pgflibraryshapes.symbols.code.tex 2009/10/27 v2.10 (rcs-revision 1.3)
))
(c:/texlive/2012/texmf-dist/tex/generic/pgf/frontendlayer/tikz/libraries/tikzli
braryshapes.arrows.code.tex
File: tikzlibraryshapes.arrows.code.tex 2008/01/09 v2.10 (rcs-revision 1.1)

(c:/texlive/2012/texmf-dist/tex/generic/pgf/libraries/shapes/pgflibraryshapes.a
rrows.code.tex
File: pgflibraryshapes.arrows.code.tex 2008/06/26 v2.10 (rcs-revision 1.1)
))
(c:/texlive/2012/texmf-dist/tex/generic/pgf/frontendlayer/tikz/libraries/tikzli
braryshapes.callouts.code.tex
(c:/texlive/2012/texmf-dist/tex/generic/pgf/libraries/shapes/pgflibraryshapes.c
allouts.code.tex))
(c:/texlive/2012/texmf-dist/tex/generic/pgf/frontendlayer/tikz/libraries/tikzli
braryshapes.multipart.code.tex
File: tikzlibraryshapes.multipart.code.tex 2008/01/09 v2.10 (rcs-revision 1.1)

(c:/texlive/2012/texmf-dist/tex/generic/pgf/libraries/shapes/pgflibraryshapes.m
ultipart.code.tex
File: pgflibraryshapes.multipart.code.tex 2010/01/07 v2.10 (rcs-revision 1.2)
\pgfnodepartlowerbox=\box36
\pgfnodeparttwobox=\box37
\pgfnodepartthreebox=\box38
\pgfnodepartfourbox=\box39
\pgfnodeparttwentybox=\box40
\pgfnodepartnineteenbox=\box41
\pgfnodeparteighteenbox=\box42
\pgfnodepartseventeenbox=\box43
\pgfnodepartsixteenbox=\box44
\pgfnodepartfifteenbox=\box45
\pgfnodepartfourteenbox=\box46
\pgfnodepartthirteenbox=\box47
\pgfnodeparttwelvebox=\box48
\pgfnodepartelevenbox=\box49
\pgfnodeparttenbox=\box50
\pgfnodepartninebox=\box51
\pgfnodeparteightbox=\box52
\pgfnodepartsevenbox=\box53
\pgfnodepartsixbox=\box54
\pgfnodepartfivebox=\box55
)))
(c:/texlive/2012/texmf-dist/tex/generic/pgf/frontendlayer/tikz/libraries/tikzli
braryarrows.code.tex
File: tikzlibraryarrows.code.tex 2008/01/09 v2.10 (rcs-revision 1.1)

(c:/texlive/2012/texmf-dist/tex/generic/pgf/libraries/pgflibraryarrows.code.tex
File: pgflibraryarrows.code.tex 2008/10/27 v2.10 (rcs-revision 1.9)
\arrowsize=\dimen157
)) (c:/texlive/2012/texmf-dist/tex/latex/pgfplots/pgfplots.sty
(c:/texlive/2012/texmf-dist/tex/generic/pgfplots/pgfplots.revision.tex)
Package: pgfplots 2012/10/26 v1.7 Data Visualization (1.7-2-ge24fff4)

(c:/texlive/2012/texmf-dist/tex/generic/pgfplots/pgfplots.code.tex
(c:/texlive/2012/texmf-dist/tex/generic/pgfplots/pgfplotscore.code.tex
\t@pgfplots@toka=\toks25
\t@pgfplots@tokb=\toks26
\t@pgfplots@tokc=\toks27
\pgfplots@tmpa=\dimen158
\c@pgfplots@coordindex=\count112
\c@pgfplots@scanlineindex=\count113

(c:/texlive/2012/texmf-dist/tex/generic/pgfplots/sys/pgfplotssysgeneric.code.te
x))
(c:/texlive/2012/texmf-dist/tex/generic/pgfplots/libs/pgfplotslibrary.code.tex)

(c:/texlive/2012/texmf-dist/tex/generic/pgfplots/oldpgfcompatib/pgfplotsoldpgfs
upp_loader.code.tex
Package pgfplots: loading complementary code for your PGF version...

(c:/texlive/2012/texmf-dist/tex/generic/pgfplots/oldpgfcompatib/pgfplotsoldpgfs
upp_misc.code.tex)
(c:/texlive/2012/texmf-dist/tex/generic/pgfplots/oldpgfcompatib/pgfplotsoldpgfs
upp_pgfkeys.code.tex
\pgfkeys@pathtoks=\toks28
\pgfkeys@temptoks=\toks29

(c:/texlive/2012/texmf-dist/tex/generic/pgfplots/oldpgfcompatib/pgfplotsoldpgfs
upp_pgfkeysfiltered.code.tex
\pgfkeys@tmptoks=\toks30
))
(c:/texlive/2012/texmf-dist/tex/generic/pgfplots/oldpgfcompatib/pgfplotsoldpgfs
upp_pgfmathfloat.code.tex
\c@pgfmathroundto@lastzeros=\count114
)
(c:/texlive/2012/texmf-dist/tex/generic/pgfplots/oldpgfcompatib/pgfplotsoldpgfs
upp_pgflibraryplothandlers.code.tex
File: pgflibraryplothandlers.code.tex 2012/09/11 v2.10 (rcs-revision 1.17)
\pgf@plot@mark@count=\count115
\pgfplotmarksize=\dimen159
)
(c:/texlive/2012/texmf-dist/tex/generic/pgfplots/oldpgfcompatib/pgfplotsoldpgfs
upp_pgflibraryfpu.code.tex)
(c:/texlive/2012/texmf-dist/tex/generic/pgfplots/oldpgfcompatib/pgfplotsoldpgfs
upp_pgfcorescopes.code.tex
File: pgfcorescopes.code.tex 2011/10/01  (rcs-revision 1.37)
\pgfpic=\box56
\pgf@hbox=\box57
\pgf@layerbox@main=\box58
\pgf@picture@serial@count=\count116
)
(c:/texlive/2012/texmf-dist/tex/generic/pgfplots/oldpgfcompatib/pgfplotsoldpgfs
upp_pgfcorelayers.code.tex
File: pgfcorelayers.code.tex 2011/10/02  (rcs-revision 1.4)
))
(c:/texlive/2012/texmf-dist/tex/generic/pgfplots/util/pgfplotsutil.code.tex
(c:/texlive/2012/texmf-dist/tex/generic/pgfplots/liststructure/pgfplotsliststru
cture.code.tex)
(c:/texlive/2012/texmf-dist/tex/generic/pgfplots/liststructure/pgfplotsliststru
ctureext.code.tex)
(c:/texlive/2012/texmf-dist/tex/generic/pgfplots/liststructure/pgfplotsarray.co
de.tex
\c@pgfplotsarray@tmp=\count117
)
(c:/texlive/2012/texmf-dist/tex/generic/pgfplots/liststructure/pgfplotsmatrix.c
ode.tex)
(c:/texlive/2012/texmf-dist/tex/generic/pgfplots/numtable/pgfplotstableshared.c
ode.tex
\c@pgfplotstable@counta=\count118
\t@pgfplotstable@a=\toks31
)
(c:/texlive/2012/texmf-dist/tex/generic/pgfplots/liststructure/pgfplotsdeque.co
de.tex)
(c:/texlive/2012/texmf-dist/tex/generic/pgfplots/util/pgfplotsbinary.code.tex
(c:/texlive/2012/texmf-dist/tex/generic/pgfplots/util/pgfplotsbinary.data.code.
tex))
(c:/texlive/2012/texmf-dist/tex/generic/pgfplots/util/pgfplotsutil.verb.code.te
x)
(c:/texlive/2012/texmf-dist/tex/generic/pgfplots/libs/pgflibrarypgfplots.surfsh
ading.code.tex
\c@pgfplotslibrarysurf@no=\count119

(c:/texlive/2012/texmf-dist/tex/generic/pgfplots/sys/pgflibrarypgfplots.surfsha
ding.pgfsys-pdftex.def)))
(c:/texlive/2012/texmf-dist/tex/generic/pgfplots/util/pgfplotscolormap.code.tex
)
(c:/texlive/2012/texmf-dist/tex/generic/pgfplots/pgfplotsstackedplots.code.tex)
(c:/texlive/2012/texmf-dist/tex/generic/pgfplots/pgfplotsplothandlers.code.tex
(c:/texlive/2012/texmf-dist/tex/generic/pgfplots/pgfplotsmeshplothandler.code.t
ex)) (c:/texlive/2012/texmf-dist/tex/generic/pgfplots/pgfplots.scaling.code.tex
)
(c:/texlive/2012/texmf-dist/tex/generic/pgfplots/pgfplotscoordprocessing.code.t
ex) (c:/texlive/2012/texmf-dist/tex/generic/pgfplots/pgfplotsticks.code.tex)
(c:/texlive/2012/texmf-dist/tex/generic/pgfplots/pgfplots.paths.code.tex)
(c:/texlive/2012/texmf-dist/tex/generic/pgf/frontendlayer/tikz/libraries/tikzli
brarydecorations.code.tex
(c:/texlive/2012/texmf-dist/tex/generic/pgf/modules/pgfmoduledecorations.code.t
ex
\pgfdecoratedcompleteddistance=\dimen160
\pgfdecoratedremainingdistance=\dimen161
\pgfdecoratedinputsegmentcompleteddistance=\dimen162
\pgfdecoratedinputsegmentremainingdistance=\dimen163
\pgf@decorate@distancetomove=\dimen164
\pgf@decorate@repeatstate=\count120
\pgfdecorationsegmentamplitude=\dimen165
\pgfdecorationsegmentlength=\dimen166
)
\tikz@lib@dec@box=\box59
)
(c:/texlive/2012/texmf-dist/tex/generic/pgf/frontendlayer/tikz/libraries/tikzli
brarydecorations.pathmorphing.code.tex
(c:/texlive/2012/texmf-dist/tex/generic/pgf/libraries/decorations/pgflibrarydec
orations.pathmorphing.code.tex))
(c:/texlive/2012/texmf-dist/tex/generic/pgf/frontendlayer/tikz/libraries/tikzli
brarydecorations.pathreplacing.code.tex
(c:/texlive/2012/texmf-dist/tex/generic/pgf/libraries/decorations/pgflibrarydec
orations.pathreplacing.code.tex))
\pgfplots@numplots=\count121
\pgfplots@xmin@reg=\dimen167
\pgfplots@xmax@reg=\dimen168
\pgfplots@ymin@reg=\dimen169
\pgfplots@ymax@reg=\dimen170
\pgfplots@zmin@reg=\dimen171
\pgfplots@zmax@reg=\dimen172
)
(c:/texlive/2012/texmf-dist/tex/generic/pgf/frontendlayer/tikz/libraries/tikzli
braryplotmarks.code.tex
File: tikzlibraryplotmarks.code.tex 2008/01/09 v2.10 (rcs-revision 1.1)

(c:/texlive/2012/texmf-dist/tex/generic/pgf/libraries/pgflibraryplotmarks.code.
tex
File: pgflibraryplotmarks.code.tex 2010/10/15 v2.10 (rcs-revision 1.12)
))) (./mcode.sty
-- Package: `mcode' 2.3 <2012/08/31> --
Package: mcode 2012/08/31 2.3
 - settings optimized for display (colour formating)
 - line numbering enabled
 - literate programming (character replacements) enabled
 - automatic line breaking enabled (careful, buggy!)
 - framed listings
(c:/texlive/2012/texmf-dist/tex/latex/listings/listings.sty
\lst@mode=\count122
\lst@gtempboxa=\box60
\lst@token=\toks32
\lst@length=\count123
\lst@currlwidth=\dimen173
\lst@column=\count124
\lst@pos=\count125
\lst@lostspace=\dimen174
\lst@width=\dimen175
\lst@newlines=\count126
\lst@lineno=\count127
\lst@maxwidth=\dimen176

(c:/texlive/2012/texmf-dist/tex/latex/listings/lstmisc.sty
File: lstmisc.sty 2007/02/22 1.4 (Carsten Heinz)
\c@lstnumber=\count128
\lst@skipnumbers=\count129
\lst@framebox=\box61
)
(c:/texlive/2012/texmf-dist/tex/latex/listings/listings.cfg
File: listings.cfg 2007/02/22 1.4 listings configuration
))
Package: listings 2007/02/22 1.4 (Carsten Heinz)

(c:/texlive/2012/texmf-dist/tex/latex/base/textcomp.sty
Package: textcomp 2005/09/27 v1.99g Standard LaTeX package
Package textcomp Info: Sub-encoding information:
(textcomp)               5 = only ISO-Adobe without \textcurrency
(textcomp)               4 = 5 + \texteuro
(textcomp)               3 = 4 + \textohm
(textcomp)               2 = 3 + \textestimated + \textcurrency
(textcomp)               1 = TS1 - \textcircled - \t
(textcomp)               0 = TS1 (full)
(textcomp)             Font families with sub-encoding setting implement
(textcomp)             only a restricted character set as indicated.
(textcomp)             Family '?' is the default used for unknown fonts.
(textcomp)             See the documentation for details.
Package textcomp Info: Setting ? sub-encoding to TS1/1 on input line 71.

(c:/texlive/2012/texmf-dist/tex/latex/base/ts1enc.def
File: ts1enc.def 2001/06/05 v3.0e (jk/car/fm) Standard LaTeX file
)
LaTeX Info: Redefining \oldstylenums on input line 266.
Package textcomp Info: Setting cmr sub-encoding to TS1/0 on input line 281.
Package textcomp Info: Setting cmss sub-encoding to TS1/0 on input line 282.
Package textcomp Info: Setting cmtt sub-encoding to TS1/0 on input line 283.
Package textcomp Info: Setting cmvtt sub-encoding to TS1/0 on input line 284.
Package textcomp Info: Setting cmbr sub-encoding to TS1/0 on input line 285.
Package textcomp Info: Setting cmtl sub-encoding to TS1/0 on input line 286.
Package textcomp Info: Setting ccr sub-encoding to TS1/0 on input line 287.
Package textcomp Info: Setting ptm sub-encoding to TS1/4 on input line 288.
Package textcomp Info: Setting pcr sub-encoding to TS1/4 on input line 289.
Package textcomp Info: Setting phv sub-encoding to TS1/4 on input line 290.
Package textcomp Info: Setting ppl sub-encoding to TS1/3 on input line 291.
Package textcomp Info: Setting pag sub-encoding to TS1/4 on input line 292.
Package textcomp Info: Setting pbk sub-encoding to TS1/4 on input line 293.
Package textcomp Info: Setting pnc sub-encoding to TS1/4 on input line 294.
Package textcomp Info: Setting pzc sub-encoding to TS1/4 on input line 295.
Package textcomp Info: Setting bch sub-encoding to TS1/4 on input line 296.
Package textcomp Info: Setting put sub-encoding to TS1/5 on input line 297.
Package textcomp Info: Setting uag sub-encoding to TS1/5 on input line 298.
Package textcomp Info: Setting ugq sub-encoding to TS1/5 on input line 299.
Package textcomp Info: Setting ul8 sub-encoding to TS1/4 on input line 300.
Package textcomp Info: Setting ul9 sub-encoding to TS1/4 on input line 301.
Package textcomp Info: Setting augie sub-encoding to TS1/5 on input line 302.
Package textcomp Info: Setting dayrom sub-encoding to TS1/3 on input line 303.
Package textcomp Info: Setting dayroms sub-encoding to TS1/3 on input line 304.

Package textcomp Info: Setting pxr sub-encoding to TS1/0 on input line 305.
Package textcomp Info: Setting pxss sub-encoding to TS1/0 on input line 306.
Package textcomp Info: Setting pxtt sub-encoding to TS1/0 on input line 307.
Package textcomp Info: Setting txr sub-encoding to TS1/0 on input line 308.
Package textcomp Info: Setting txss sub-encoding to TS1/0 on input line 309.
Package textcomp Info: Setting txtt sub-encoding to TS1/0 on input line 310.
Package textcomp Info: Setting lmr sub-encoding to TS1/0 on input line 311.
Package textcomp Info: Setting lmdh sub-encoding to TS1/0 on input line 312.
Package textcomp Info: Setting lmss sub-encoding to TS1/0 on input line 313.
Package textcomp Info: Setting lmssq sub-encoding to TS1/0 on input line 314.
Package textcomp Info: Setting lmvtt sub-encoding to TS1/0 on input line 315.
Package textcomp Info: Setting qhv sub-encoding to TS1/0 on input line 316.
Package textcomp Info: Setting qag sub-encoding to TS1/0 on input line 317.
Package textcomp Info: Setting qbk sub-encoding to TS1/0 on input line 318.
Package textcomp Info: Setting qcr sub-encoding to TS1/0 on input line 319.
Package textcomp Info: Setting qcs sub-encoding to TS1/0 on input line 320.
Package textcomp Info: Setting qpl sub-encoding to TS1/0 on input line 321.
Package textcomp Info: Setting qtm sub-encoding to TS1/0 on input line 322.
Package textcomp Info: Setting qzc sub-encoding to TS1/0 on input line 323.
Package textcomp Info: Setting qhvc sub-encoding to TS1/0 on input line 324.
Package textcomp Info: Setting futs sub-encoding to TS1/4 on input line 325.
Package textcomp Info: Setting futx sub-encoding to TS1/4 on input line 326.
Package textcomp Info: Setting futj sub-encoding to TS1/4 on input line 327.
Package textcomp Info: Setting hlh sub-encoding to TS1/3 on input line 328.
Package textcomp Info: Setting hls sub-encoding to TS1/3 on input line 329.
Package textcomp Info: Setting hlst sub-encoding to TS1/3 on input line 330.
Package textcomp Info: Setting hlct sub-encoding to TS1/5 on input line 331.
Package textcomp Info: Setting hlx sub-encoding to TS1/5 on input line 332.
Package textcomp Info: Setting hlce sub-encoding to TS1/5 on input line 333.
Package textcomp Info: Setting hlcn sub-encoding to TS1/5 on input line 334.
Package textcomp Info: Setting hlcw sub-encoding to TS1/5 on input line 335.
Package textcomp Info: Setting hlcf sub-encoding to TS1/5 on input line 336.
Package textcomp Info: Setting pplx sub-encoding to TS1/3 on input line 337.
Package textcomp Info: Setting pplj sub-encoding to TS1/3 on input line 338.
Package textcomp Info: Setting ptmx sub-encoding to TS1/4 on input line 339.
Package textcomp Info: Setting ptmj sub-encoding to TS1/4 on input line 340.
)
\lbreakdots=\box62
LaTeX Font Info:    Try loading font information for OT1+pcr on input line 220.


(c:/texlive/2012/texmf-dist/tex/latex/psnfss/ot1pcr.fd
File: ot1pcr.fd 2001/06/04 font definitions for OT1/pcr.
))
(c:/texlive/2012/texmf-dist/tex/latex/microtype/microtype.sty
Package: microtype 2010/01/10 v2.4 Micro-typography with pdfTeX (RS)
\MT@toks=\toks33
\MT@count=\count130
LaTeX Info: Redefining \lsstyle on input line 1597.
LaTeX Info: Redefining \lslig on input line 1597.
\MT@outer@space=\skip47
LaTeX Info: Redefining \textls on input line 1605.
\MT@outer@kern=\dimen177
LaTeX Info: Redefining \textmicrotypecontext on input line 2156.
Package microtype Info: Loading configuration file microtype.cfg.

(c:/texlive/2012/texmf-dist/tex/latex/microtype/microtype.cfg
File: microtype.cfg 2010/01/10 v2.4 microtype main configuration file (RS)
))
(c:/texlive/2012/texmf-dist/tex/latex/amsmath/amsmath.sty
Package: amsmath 2000/07/18 v2.13 AMS math features
\@mathmargin=\skip48

For additional information on amsmath, use the `?' option.
(c:/texlive/2012/texmf-dist/tex/latex/amsmath/amstext.sty
Package: amstext 2000/06/29 v2.01

(c:/texlive/2012/texmf-dist/tex/latex/amsmath/amsgen.sty
File: amsgen.sty 1999/11/30 v2.0
\@emptytoks=\toks34
\ex@=\dimen178
))
(c:/texlive/2012/texmf-dist/tex/latex/amsmath/amsbsy.sty
Package: amsbsy 1999/11/29 v1.2d
\pmbraise@=\dimen179
)
(c:/texlive/2012/texmf-dist/tex/latex/amsmath/amsopn.sty
Package: amsopn 1999/12/14 v2.01 operator names
)
\inf@bad=\count131
LaTeX Info: Redefining \frac on input line 211.
\uproot@=\count132
\leftroot@=\count133
LaTeX Info: Redefining \overline on input line 307.
\classnum@=\count134
\DOTSCASE@=\count135
LaTeX Info: Redefining \ldots on input line 379.
LaTeX Info: Redefining \dots on input line 382.
LaTeX Info: Redefining \cdots on input line 467.
\Mathstrutbox@=\box63
\strutbox@=\box64
\big@size=\dimen180
LaTeX Font Info:    Redeclaring font encoding OML on input line 567.
LaTeX Font Info:    Redeclaring font encoding OMS on input line 568.
\macc@depth=\count136
\c@MaxMatrixCols=\count137
\dotsspace@=\muskip10
\c@parentequation=\count138
\dspbrk@lvl=\count139
\tag@help=\toks35
\row@=\count140
\column@=\count141
\maxfields@=\count142
\andhelp@=\toks36
\eqnshift@=\dimen181
\alignsep@=\dimen182
\tagshift@=\dimen183
\tagwidth@=\dimen184
\totwidth@=\dimen185
\lineht@=\dimen186
\@envbody=\toks37
\multlinegap=\skip49
\multlinetaggap=\skip50
\mathdisplay@stack=\toks38
LaTeX Info: Redefining \[ on input line 2666.
LaTeX Info: Redefining \] on input line 2667.
)
(c:/texlive/2012/texmf-dist/tex/latex/amsfonts/amsfonts.sty
Package: amsfonts 2013/01/14 v3.01 Basic AMSFonts support
\symAMSa=\mathgroup4
\symAMSb=\mathgroup5
LaTeX Font Info:    Overwriting math alphabet `\mathfrak' in version `bold'
(Font)                  U/euf/m/n --> U/euf/b/n on input line 106.
)
(c:/texlive/2012/texmf-dist/tex/latex/amscls/amsthm.sty
Package: amsthm 2009/07/02 v2.20.1
\thm@style=\toks39
\thm@bodyfont=\toks40
\thm@headfont=\toks41
\thm@notefont=\toks42
\thm@headpunct=\toks43
\thm@preskip=\skip51
\thm@postskip=\skip52
\thm@headsep=\skip53
\dth@everypar=\toks44
)
(c:/texlive/2012/texmf-dist/tex/latex/caption/caption.sty
Package: caption 2013/02/03 v3.3-65 Customizing captions (AR)

(c:/texlive/2012/texmf-dist/tex/latex/caption/caption3.sty
Package: caption3 2013/02/03 v1.5-62 caption3 kernel (AR)
\captionmargin=\dimen187
\captionmargin@=\dimen188
\captionwidth=\dimen189
\caption@tempdima=\dimen190
\caption@indent=\dimen191
\caption@parindent=\dimen192
\caption@hangindent=\dimen193
)
Package caption Info: KOMA-Script document class.
\c@ContinuedFloat=\count143
Package caption Info: listings package is loaded.
)
(c:/texlive/2012/texmf-dist/tex/latex/oberdiek/epstopdf.sty
Package: epstopdf 2010/02/09 v2.5 Conversion with epstopdf on the fly (HO)

(c:/texlive/2012/texmf-dist/tex/latex/oberdiek/epstopdf-base.sty
Package: epstopdf-base 2010/02/09 v2.5 Base part for package epstopdf

(c:/texlive/2012/texmf-dist/tex/latex/oberdiek/grfext.sty
Package: grfext 2010/08/19 v1.1 Manage graphics extensions (HO)

(c:/texlive/2012/texmf-dist/tex/generic/oberdiek/kvdefinekeys.sty
Package: kvdefinekeys 2011/04/07 v1.3 Define keys (HO)
))
(c:/texlive/2012/texmf-dist/tex/latex/oberdiek/kvoptions.sty
Package: kvoptions 2011/06/30 v3.11 Key value format for package options (HO)

(c:/texlive/2012/texmf-dist/tex/generic/oberdiek/kvsetkeys.sty
Package: kvsetkeys 2012/04/25 v1.16 Key value parser (HO)

(c:/texlive/2012/texmf-dist/tex/generic/oberdiek/etexcmds.sty
Package: etexcmds 2011/02/16 v1.5 Avoid name clashes with e-TeX commands (HO)

(c:/texlive/2012/texmf-dist/tex/generic/oberdiek/ifluatex.sty
Package: ifluatex 2010/03/01 v1.3 Provides the ifluatex switch (HO)
Package ifluatex Info: LuaTeX not detected.
)
Package etexcmds Info: Could not find \expanded.
(etexcmds)             That can mean that you are not using pdfTeX 1.50 or
(etexcmds)             that some package has redefined \expanded.
(etexcmds)             In the latter case, load this package earlier.
)))
(c:/texlive/2012/texmf-dist/tex/generic/oberdiek/pdftexcmds.sty
Package: pdftexcmds 2011/11/29 v0.20 Utility functions of pdfTeX for LuaTeX (HO
)
Package pdftexcmds Info: LuaTeX not detected.
Package pdftexcmds Info: \pdf@primitive is available.
Package pdftexcmds Info: \pdf@ifprimitive is available.
Package pdftexcmds Info: \pdfdraftmode found.
)
Package grfext Info: Graphics extension search list:
(grfext)             [.png,.pdf,.jpg,.mps,.jpeg,.jbig2,.jb2,.PNG,.PDF,.JPG,.JPE
G,.JBIG2,.JB2,.eps]
(grfext)             \AppendGraphicsExtensions on input line 452.

(c:/texlive/2012/texmf-dist/tex/latex/latexconfig/epstopdf-sys.cfg
File: epstopdf-sys.cfg 2010/07/13 v1.3 Configuration of (r)epstopdf for TeX Liv
e
)))
(c:/texlive/2012/texmf-dist/tex/latex/subfig/subfig.sty
Package: subfig 2005/06/28 ver: 1.3 subfig package
\c@KVtest=\count144
\sf@farskip=\skip54
\sf@captopadj=\dimen194
\sf@capskip=\skip55
\sf@nearskip=\skip56
\c@subfigure=\count145
\c@subfigure@save=\count146
\c@lofdepth=\count147
\c@subtable=\count148
\c@subtable@save=\count149
\c@lotdepth=\count150
\sf@top=\skip57
\sf@bottom=\skip58
)
(c:/texlive/2012/texmf-dist/tex/latex/booktabs/booktabs.sty
Package: booktabs 2005/04/14 v1.61803 publication quality tables
\heavyrulewidth=\dimen195
\lightrulewidth=\dimen196
\cmidrulewidth=\dimen197
\belowrulesep=\dimen198
\belowbottomsep=\dimen199
\aboverulesep=\dimen200
\abovetopsep=\dimen201
\cmidrulesep=\dimen202
\cmidrulekern=\dimen203
\defaultaddspace=\dimen204
\@cmidla=\count151
\@cmidlb=\count152
\@aboverulesep=\dimen205
\@belowrulesep=\dimen206
\@thisruleclass=\count153
\@lastruleclass=\count154
\@thisrulewidth=\dimen207
)
(c:/texlive/2012/texmf-dist/tex/latex/tools/verbatim.sty
Package: verbatim 2003/08/22 v1.5q LaTeX2e package for verbatim enhancements
\every@verbatim=\toks45
\verbatim@line=\toks46
\verbatim@in@stream=\read2
)
(c:/texlive/2012/texmf-dist/tex/latex/fancyvrb/fancyvrb.sty
Package: fancyvrb 2008/02/07

Style option: `fancyvrb' v2.7a, with DG/SPQR fixes, and firstline=lastline fix 
<2008/02/07> (tvz)
\FV@CodeLineNo=\count155
\FV@InFile=\read3
\FV@TabBox=\box65
\c@FancyVerbLine=\count156
\FV@StepNumber=\count157
\FV@OutFile=\write4
) (c:/texlive/2012/texmf-dist/tex/latex/sectsty/sectsty.sty
Package: sectsty 2002/02/25 v2.0.2 Commands to change all sectional heading sty
les
)
(c:/texlive/2012/texmf-dist/tex/latex/fancyhdr/fancyhdr.sty
\fancy@headwidth=\skip59
\f@ncyO@elh=\skip60
\f@ncyO@erh=\skip61
\f@ncyO@olh=\skip62
\f@ncyO@orh=\skip63
\f@ncyO@elf=\skip64
\f@ncyO@erf=\skip65
\f@ncyO@olf=\skip66
\f@ncyO@orf=\skip67
) (./MidTermV2.aux)
\openout1 = `MidTermV2.aux'.

LaTeX Font Info:    Checking defaults for OML/cmm/m/it on input line 69.
LaTeX Font Info:    ... okay on input line 69.
LaTeX Font Info:    Checking defaults for T1/cmr/m/n on input line 69.
LaTeX Font Info:    ... okay on input line 69.
LaTeX Font Info:    Checking defaults for OT1/cmr/m/n on input line 69.
LaTeX Font Info:    ... okay on input line 69.
LaTeX Font Info:    Checking defaults for OMS/cmsy/m/n on input line 69.
LaTeX Font Info:    ... okay on input line 69.
LaTeX Font Info:    Checking defaults for OMX/cmex/m/n on input line 69.
LaTeX Font Info:    ... okay on input line 69.
LaTeX Font Info:    Checking defaults for U/cmr/m/n on input line 69.
LaTeX Font Info:    ... okay on input line 69.
LaTeX Font Info:    Checking defaults for TS1/cmr/m/n on input line 69.
LaTeX Font Info:    Try loading font information for TS1+cmr on input line 69.

(c:/texlive/2012/texmf-dist/tex/latex/base/ts1cmr.fd
File: ts1cmr.fd 1999/05/25 v2.5h Standard LaTeX font definitions
)
LaTeX Font Info:    ... okay on input line 69.

*geometry* driver: auto-detecting
*geometry* detected driver: pdftex
*geometry* verbose mode - [ preamble ] result:
* driver: pdftex
* paper: <default>
* layout: <same size as paper>
* layoutoffset:(h,v)=(0.0pt,0.0pt)
* modes: 
* h-part:(L,W,R)=(72.26999pt, 469.75502pt, 72.26999pt)
* v-part:(T,H,B)=(72.26999pt, 650.43001pt, 72.26999pt)
* \paperwidth=614.295pt
* \paperheight=794.96999pt
* \textwidth=469.75502pt
* \textheight=650.43001pt
* \oddsidemargin=0.0pt
* \evensidemargin=0.0pt
* \topmargin=-33.0pt
* \headheight=13.6pt
* \headsep=18.0pt
* \topskip=10.0pt
* \footskip=42.0pt
* \marginparwidth=76.78687pt
* \marginparsep=12.8401pt
* \columnsep=10.0pt
* \skip\footins=9.0pt plus 4.0pt minus 2.0pt
* \hoffset=0.0pt
* \voffset=0.0pt
* \mag=1000
* \@twocolumnfalse
* \@twosidefalse
* \@mparswitchfalse
* \@reversemarginfalse
* (1in=72.27pt=25.4mm, 1cm=28.453pt)

ABD: EveryShipout initializing macros
(c:/texlive/2012/texmf-dist/tex/context/base/supp-pdf.mkii
[Loading MPS to PDF converter (version 2006.09.02).]
\scratchcounter=\count158
\scratchdimen=\dimen208
\scratchbox=\box66
\nofMPsegments=\count159
\nofMParguments=\count160
\everyMPshowfont=\toks47
\MPscratchCnt=\count161
\MPscratchDim=\dimen209
\MPnumerator=\count162
\makeMPintoPDFobject=\count163
\everyMPtoPDFconversion=\toks48
)
! Package pgfplots Warning: running in backwards compatibility mode (unsuitable
 tick labels; missing features). Consider writing \pgfplotsset{compat=1.7} into
 your preamble.

\c@lstlisting=\count164
LaTeX Info: Redefining \microtypecontext on input line 69.
Package microtype Info: Generating PDF output.
Package microtype Info: Character protrusion enabled (level 2).
Package microtype Info: Using default protrusion set `alltext'.
Package microtype Info: Automatic font expansion enabled (level 2),
(microtype)             stretch: 20, shrink: 20, step: 1, non-selected.
Package microtype Info: Using default expansion set `basictext'.
Package microtype Info: No tracking.
Package microtype Info: No adjustment of interword spacing.
Package microtype Info: No adjustment of character kerning.
(c:/texlive/2012/texmf-dist/tex/latex/microtype/mt-cmr.cfg
File: mt-cmr.cfg 2009/11/09 v2.0 microtype config. file: Computer Modern Roman 
(RS)
)
Package caption Info: Begin \AtBeginDocument code.
Package caption Info: subfig package v1.3 is loaded.
Package caption Info: End \AtBeginDocument code.
LaTeX Font Info:    Try loading font information for OT1+bch on input line 71.

(c:/texlive/2012/texmf-dist/tex/latex/psnfss/ot1bch.fd
File: ot1bch.fd 2004/10/18 font definitions for OT1/bch.
)
(c:/texlive/2012/texmf-dist/tex/latex/microtype/mt-bch.cfg
File: mt-bch.cfg 2007/03/03 v1.5 microtype config. file: Bitstream Charter (RS)

)
LaTeX Font Info:    Font shape `OT1/bch/bx/n' in size <14.4> not available
(Font)              Font shape `OT1/bch/b/n' tried instead on input line 71.
LaTeX Font Info:    Try loading font information for U+msa on input line 71.

(c:/texlive/2012/texmf-dist/tex/latex/amsfonts/umsa.fd
File: umsa.fd 2013/01/14 v3.01 AMS symbols A
)
(c:/texlive/2012/texmf-dist/tex/latex/microtype/mt-msa.cfg
File: mt-msa.cfg 2006/02/04 v1.1 microtype config. file: AMS symbols (a) (RS)
)
LaTeX Font Info:    Try loading font information for U+msb on input line 71.

(c:/texlive/2012/texmf-dist/tex/latex/amsfonts/umsb.fd
File: umsb.fd 2013/01/14 v3.01 AMS symbols B
)
(c:/texlive/2012/texmf-dist/tex/latex/microtype/mt-msb.cfg
File: mt-msb.cfg 2005/06/01 v1.0 microtype config. file: AMS symbols (b) (RS)
)
<./Images/OWI.png, id=4, 381.425pt x 308.15125pt>
File: ./Images/OWI.png Graphic file (type png)
 <use ./Images/OWI.png>
Package pdftex.def Info: ./Images/OWI.png used on input line 79.
(pdftex.def)             Requested size: 140.92793pt x 113.8543pt.

[1


{c:/texlive/2012/texmf-var/fonts/map/pdftex/updmap/pdftex.map} <./Images/OWI.pn
g>] <./Images/OWIDIM.png, id=16, 744.53156pt x 526.21594pt>
File: ./Images/OWIDIM.png Graphic file (type png)

<use ./Images/OWIDIM.png>
Package pdftex.def Info: ./Images/OWIDIM.png used on input line 118.
(pdftex.def)             Requested size: 187.90271pt x 132.80624pt.

Underfull \hbox (badness 2980) in paragraph at lines 119--119
[][]|\OT1/cmr/m/it/9 (+20) Di-men-sions of the OWI-535 robot arm
 []

<./Images/OWI_LIMITS.png, id=18, 548.80031pt x 559.33969pt>
File: ./Images/OWI_LIMITS.png Graphic file (type png)

<use ./Images/OWI_LIMITS.png>
Package pdftex.def Info: ./Images/OWI_LIMITS.png used on input line 124.
(pdftex.def)             Requested size: 187.90271pt x 191.50441pt.

<./Images/frame_assign.png, id=19, 386.316pt x 172.791pt>
File: ./Images/frame_assign.png Graphic file (type png)

<use ./Images/frame_assign.png>
Package pdftex.def Info: ./Images/frame_assign.png used on input line 134.
(pdftex.def)             Requested size: 469.75502pt x 210.11128pt.


LaTeX Warning: `!h' float specifier changed to `!ht'.

[2 <./Images/OWIDIM.png> <./Images/OWI_LIMITS.png>]
<./Images/OWI_INITIAL_POSITION.png, id=30, 562.1pt x 421.575pt>
File: ./Images/OWI_INITIAL_POSITION.png Graphic file (type png)

<use ./Images/OWI_INITIAL_POSITION.png>
Package pdftex.def Info: ./Images/OWI_INITIAL_POSITION.png used on input line 1
69.
(pdftex.def)             Requested size: 234.8775pt x 176.15327pt.


LaTeX Warning: `!h' float specifier changed to `!ht'.

[3 <./Images/frame_assign.png>]
<./Images/sim.png, id=36, 422.32782pt x 316.93407pt>
File: ./Images/sim.png Graphic file (type png)
 <use ./Images/sim.png>
Package pdftex.def Info: ./Images/sim.png used on input line 228.
(pdftex.def)             Requested size: 352.31625pt x 264.39961pt.


LaTeX Warning: `!h' float specifier changed to `!ht'.

<./Images/SixPackV1.jpg, id=37, 344.28625pt x 573.14125pt>
File: ./Images/SixPackV1.jpg Graphic file (type jpg)

<use ./Images/SixPackV1.jpg>
Package pdftex.def Info: ./Images/SixPackV1.jpg used on input line 237.
(pdftex.def)             Requested size: 187.89914pt x 312.79742pt.
 [4 <./Images/OWI_INITIAL_POSITION.png>] [5 <./Images/sim.png> <./Images/SixPac
kV1.jpg>] (./MidTermV2.bbl) [6] [7] [8]
LaTeX Font Info:    Try loading font information for OMS+pcr on input line 343.


(c:/texlive/2012/texmf-dist/tex/latex/psnfss/omspcr.fd
File: omspcr.fd 
)
LaTeX Font Info:    Font shape `OMS/pcr/m/n' in size <8> not available
(Font)              Font shape `OMS/cmsy/m/n' tried instead on input line 343.
LaTeX Font Info:    Try loading font information for TS1+pcr on input line 352.


(c:/texlive/2012/texmf-dist/tex/latex/psnfss/ts1pcr.fd
File: ts1pcr.fd 2001/06/04 font definitions for TS1/pcr.
) [9]
LaTeX Font Info:    Try loading font information for OML+pcr on input line 408.


(c:/texlive/2012/texmf-dist/tex/latex/psnfss/omlpcr.fd
File: omlpcr.fd 
)
LaTeX Font Info:    Font shape `OML/pcr/m/n' in size <8> not available
(Font)              Font shape `OML/cmm/m/it' tried instead on input line 408.
 [10] [11]
(./MidTermV2.aux) ) 
Here is how much of TeX's memory you used:
 26877 strings out of 493488
 589605 string characters out of 3144749
 867584 words of memory out of 3000000
 29558 multiletter control sequences out of 15000+200000
 26525 words of font info for 98 fonts, out of 3000000 for 9000
 957 hyphenation exceptions out of 8191
 65i,15n,78p,861b,1713s stack positions out of 5000i,500n,10000p,200000b,50000s
{c:/texlive/2012/texmf-dist/fonts/enc/dvips/base/8r.enc}{c:/
texlive/2012/texmf-dist/fonts/enc/dvips/cm-super/cm-super-ts1.enc}<c:/texlive/2
012/texmf-dist/fonts/type1/bitstrea/charter/bchb8a.pfb><c:/texlive/2012/texmf-d
ist/fonts/type1/bitstrea/charter/bchr8a.pfb><c:/texlive/2012/texmf-dist/fonts/t
ype1/public/amsfonts/cm/cmbx9.pfb><c:/texlive/2012/texmf-dist/fonts/type1/publi
c/amsfonts/cm/cmex10.pfb><c:/texlive/2012/texmf-dist/fonts/type1/public/amsfont
s/cm/cmmi10.pfb><c:/texlive/2012/texmf-dist/fonts/type1/public/amsfonts/cm/cmmi
5.pfb><c:/texlive/2012/texmf-dist/fonts/type1/public/amsfonts/cm/cmmi7.pfb><c:/
texlive/2012/texmf-dist/fonts/type1/public/amsfonts/cm/cmmi8.pfb><c:/texlive/20
12/texmf-dist/fonts/type1/public/amsfonts/cm/cmr10.pfb><c:/texlive/2012/texmf-d
ist/fonts/type1/public/amsfonts/cm/cmr5.pfb><c:/texlive/2012/texmf-dist/fonts/t
ype1/public/amsfonts/cm/cmr7.pfb><c:/texlive/2012/texmf-dist/fonts/type1/public
/amsfonts/cm/cmsy10.pfb><c:/texlive/2012/texmf-dist/fonts/type1/public/amsfonts
/cm/cmsy7.pfb><c:/texlive/2012/texmf-dist/fonts/type1/public/amsfonts/cm/cmsy8.
pfb><c:/texlive/2012/texmf-dist/fonts/type1/public/amsfonts/cm/cmti10.pfb><c:/t
exlive/2012/texmf-dist/fonts/type1/public/amsfonts/cm/cmti9.pfb><c:/texlive/201
2/texmf-dist/fonts/type1/public/amsfonts/cm/cmtt9.pfb><c:/texlive/2012/texmf-di
st/fonts/type1/public/cm-super/sfrm1000.pfb><c:/texlive/2012/texmf-dist/fonts/t
ype1/urw/courier/ucrr8a.pfb>
Output written on MidTermV2.pdf (11 pages, 868137 bytes).
PDF statistics:
 134 PDF objects out of 1000 (max. 8388607)
 89 compressed objects within 1 object stream
 0 named destinations out of 1000 (max. 500000)
 26672 words of extra memory for PDF output out of 29859 (max. 10000000)

